2023-11-20T07:30:56+00:00 CRITICAL Uncaught Error: Call to undefined function get_image() in C:\wamp64\www\wordpress\wp-content\themes\guilan-uni\page-shop.php:44
Stack trace:
#0 C:\wamp64\www\wordpress\wp-includes\template-loader.php(106): include()
#1 C:\wamp64\www\wordpress\wp-blog-header.php(19): require_once('C:\\wamp64\\www\\w...')
#2 C:\wamp64\www\wordpress\index.php(17): require('C:\\wamp64\\www\\w...')
#3 {main}
  thrown در C:\wamp64\www\wordpress\wp-content\themes\guilan-uni\page-shop.php روی خط 44

2023-11-20T08:36:53+00:00 CRITICAL Uncaught TypeError: Unsupported operand types: float + string in C:\wamp64\www\wordpress\wp-content\themes\guilan-uni\page-shop.php:52
Stack trace:
#0 C:\wamp64\www\wordpress\wp-includes\template-loader.php(106): include()
#1 C:\wamp64\www\wordpress\wp-blog-header.php(19): require_once('C:\\wamp64\\www\\w...')
#2 C:\wamp64\www\wordpress\index.php(17): require('C:\\wamp64\\www\\w...')
#3 {main}
  thrown در C:\wamp64\www\wordpress\wp-content\themes\guilan-uni\page-shop.php روی خط 52

2023-11-20T10:55:05+00:00 CRITICAL Cannot redeclare trim_number() (previously declared in C:\wamp64\www\wordpress\wp-content\themes\guilan-uni\page-shop.php:31) در C:\wamp64\www\wordpress\wp-content\themes\guilan-uni\page-shop.php روی خط 31

2023-11-20T11:54:34+00:00 CRITICAL Uncaught ArgumentCountError: Too few arguments to function custom_add_to_cart_message_html(), 1 passed in C:\wamp64\www\wordpress\wp-includes\class-wp-hook.php on line 324 and exactly 2 expected in C:\wamp64\www\wordpress\wp-content\themes\guilan-uni\functions.php:155
Stack trace:
#0 C:\wamp64\www\wordpress\wp-includes\class-wp-hook.php(324): custom_add_to_cart_message_html('')
#1 C:\wamp64\www\wordpress\wp-includes\class-wp-hook.php(348): WP_Hook->apply_filters('', Array)
#2 C:\wamp64\www\wordpress\wp-includes\plugin.php(517): WP_Hook->do_action(Array)
#3 C:\wamp64\www\wordpress\wp-content\themes\guilan-uni\single-product.php(10): do_action('wc_add_to_cart_...')
#4 C:\wamp64\www\wordpress\wp-includes\template-loader.php(106): include('C:\\wamp64\\www\\w...')
#5 C:\wamp64\www\wordpress\wp-blog-header.php(19): require_once('C:\\wamp64\\www\\w...')
#6 C:\wamp64\www\wordpress\index.php(17): require('C:\\wamp64\\www\\w...')
#7 {main}
  thrown در C:\wamp64\www\wordpress\wp-content\themes\guilan-uni\functions.php روی خط 155

2023-11-20T13:09:36+00:00 CRITICAL Uncaught Error: Call to undefined function get_product_data_tabs() in C:\wamp64\www\wordpress\wp-content\themes\guilan-uni\single-product.php:11
Stack trace:
#0 C:\wamp64\www\wordpress\wp-includes\template-loader.php(106): include()
#1 C:\wamp64\www\wordpress\wp-blog-header.php(19): require_once('C:\\wamp64\\www\\w...')
#2 C:\wamp64\www\wordpress\index.php(17): require('C:\\wamp64\\www\\w...')
#3 {main}
  thrown در C:\wamp64\www\wordpress\wp-content\themes\guilan-uni\single-product.php روی خط 11

2023-11-20T13:21:41+00:00 CRITICAL Uncaught Error: Call to undefined function output_tabs() in C:\wamp64\www\wordpress\wp-content\themes\guilan-uni\single-product.php:11
Stack trace:
#0 C:\wamp64\www\wordpress\wp-includes\template-loader.php(106): include()
#1 C:\wamp64\www\wordpress\wp-blog-header.php(19): require_once('C:\\wamp64\\www\\w...')
#2 C:\wamp64\www\wordpress\index.php(17): require('C:\\wamp64\\www\\w...')
#3 {main}
  thrown در C:\wamp64\www\wordpress\wp-content\themes\guilan-uni\single-product.php روی خط 11

