2023-11-24T11:20:28+00:00 CRITICAL Uncaught ArgumentCountError: Too few arguments to function wc_get_product_category_list(), 0 passed in C:\wamp64\www\wordpress\wp-content\themes\guilan-uni\page-shop.php on line 80 and at least 1 expected in C:\wamp64\www\wordpress\wp-content\plugins\woocommerce\includes\wc-product-functions.php:1162
Stack trace:
#0 C:\wamp64\www\wordpress\wp-content\themes\guilan-uni\page-shop.php(80): wc_get_product_category_list()
#1 C:\wamp64\www\wordpress\wp-includes\template-loader.php(106): include('C:\\wamp64\\www\\w...')
#2 C:\wamp64\www\wordpress\wp-blog-header.php(19): require_once('C:\\wamp64\\www\\w...')
#3 C:\wamp64\www\wordpress\index.php(17): require('C:\\wamp64\\www\\w...')
#4 {main}
  thrown در C:\wamp64\www\wordpress\wp-content\plugins\woocommerce\includes\wc-product-functions.php روی خط 1162

2023-11-24T11:21:40+00:00 CRITICAL Uncaught ArgumentCountError: Too few arguments to function wc_get_product_category_list(), 0 passed in C:\wamp64\www\wordpress\wp-content\themes\guilan-uni\page-shop.php on line 38 and at least 1 expected in C:\wamp64\www\wordpress\wp-content\plugins\woocommerce\includes\wc-product-functions.php:1162
Stack trace:
#0 C:\wamp64\www\wordpress\wp-content\themes\guilan-uni\page-shop.php(38): wc_get_product_category_list()
#1 C:\wamp64\www\wordpress\wp-includes\template-loader.php(106): include('C:\\wamp64\\www\\w...')
#2 C:\wamp64\www\wordpress\wp-blog-header.php(19): require_once('C:\\wamp64\\www\\w...')
#3 C:\wamp64\www\wordpress\index.php(17): require('C:\\wamp64\\www\\w...')
#4 {main}
  thrown در C:\wamp64\www\wordpress\wp-content\plugins\woocommerce\includes\wc-product-functions.php روی خط 1162

2023-11-24T20:49:24+00:00 CRITICAL Cannot redeclare trim_number() (previously declared in C:\wamp64\www\wordpress\wp-content\themes\guilan-uni\page-shop.php:20) در C:\wamp64\www\wordpress\wp-content\themes\guilan-uni\header-shop.php روی خط 23

2023-11-24T21:07:30+00:00 CRITICAL Uncaught Error: Call to undefined function trim_number() in C:\wamp64\www\wordpress\wp-content\themes\guilan-uni\header-shop.php:24
Stack trace:
#0 C:\wamp64\www\wordpress\wp-includes\template.php(790): require_once()
#1 C:\wamp64\www\wordpress\wp-includes\template.php(725): load_template('C:\\wamp64\\www\\w...', true, Array)
#2 C:\wamp64\www\wordpress\wp-includes\general-template.php(48): locate_template(Array, true, true, Array)
#3 C:\wamp64\www\wordpress\wp-content\themes\guilan-uni\page-cart.php(2): get_header('shop')
#4 C:\wamp64\www\wordpress\wp-includes\template-loader.php(106): include('C:\\wamp64\\www\\w...')
#5 C:\wamp64\www\wordpress\wp-blog-header.php(19): require_once('C:\\wamp64\\www\\w...')
#6 C:\wamp64\www\wordpress\index.php(17): require('C:\\wamp64\\www\\w...')
#7 {main}
  thrown در C:\wamp64\www\wordpress\wp-content\themes\guilan-uni\header-shop.php روی خط 24

2023-11-24T21:18:22+00:00 CRITICAL Cannot redeclare trim_number() (previously declared in C:\wamp64\www\wordpress\wp-content\themes\guilan-uni\single-product.php:3) در C:\wamp64\www\wordpress\wp-content\themes\guilan-uni\header-shop.php روی خط 1

